2017-12-12 22:22:18,589 - log/train.log - INFO - num_chars      :	4412
2017-12-12 22:22:18,590 - log/train.log - INFO - char_dim       :	100
2017-12-12 22:22:18,590 - log/train.log - INFO - num_tags       :	13
2017-12-12 22:22:18,590 - log/train.log - INFO - seg_dim        :	20
2017-12-12 22:22:18,590 - log/train.log - INFO - lstm_dim       :	100
2017-12-12 22:22:18,590 - log/train.log - INFO - batch_size     :	20
2017-12-12 22:22:18,590 - log/train.log - INFO - emb_file       :	wiki_100.utf8
2017-12-12 22:22:18,590 - log/train.log - INFO - clip           :	5
2017-12-12 22:22:18,590 - log/train.log - INFO - dropout_keep   :	0.5
2017-12-12 22:22:18,590 - log/train.log - INFO - optimizer      :	adam
2017-12-12 22:22:18,590 - log/train.log - INFO - lr             :	0.001
2017-12-12 22:22:18,590 - log/train.log - INFO - tag_schema     :	iobes
2017-12-12 22:22:18,591 - log/train.log - INFO - pre_emb        :	True
2017-12-12 22:22:18,591 - log/train.log - INFO - zeros          :	False
2017-12-12 22:22:18,591 - log/train.log - INFO - lower          :	True
2017-12-12 22:22:21,292 - log/train.log - INFO - Created model with fresh parameters.
2017-12-12 22:22:23,108 - log/train.log - INFO - Load pre-trained embedding.
2017-12-12 22:22:23,108 - log/train.log - INFO - start training
2017-12-12 22:22:35,012 - log/train.log - INFO - iteration:1 step:100/1044, NER loss:27.040361
2017-12-12 22:22:48,085 - log/train.log - INFO - iteration:1 step:200/1044, NER loss:15.025799
2017-12-12 22:23:00,206 - log/train.log - INFO - iteration:1 step:300/1044, NER loss:10.332508
2017-12-12 22:23:12,110 - log/train.log - INFO - iteration:1 step:400/1044, NER loss: 8.875546
2017-12-12 22:23:23,875 - log/train.log - INFO - iteration:1 step:500/1044, NER loss: 7.005120
2017-12-12 22:23:36,332 - log/train.log - INFO - iteration:1 step:600/1044, NER loss: 6.194392
2017-12-12 22:23:48,604 - log/train.log - INFO - iteration:1 step:700/1044, NER loss: 5.711709
2017-12-12 22:24:02,424 - log/train.log - INFO - iteration:1 step:800/1044, NER loss: 6.558943
2017-12-12 22:24:14,686 - log/train.log - INFO - iteration:1 step:900/1044, NER loss: 5.253117
2017-12-12 22:24:27,571 - log/train.log - INFO - iteration:1 step:1000/1044, NER loss: 5.196867
2017-12-12 22:24:32,648 - log/train.log - INFO - evaluate:dev
2017-12-12 22:24:41,606 - log/train.log - INFO - processed 109870 tokens with 3819 phrases; found: 3649 phrases; correct: 2820.

2017-12-12 22:24:41,606 - log/train.log - INFO - accuracy:  96.69%; precision:  77.28%; recall:  73.84%; FB1:  75.52

2017-12-12 22:24:41,606 - log/train.log - INFO -               LOC: precision:  79.41%; recall:  76.11%; FB1:  77.73  1870

2017-12-12 22:24:41,607 - log/train.log - INFO -               ORG: precision:  66.60%; recall:  68.09%; FB1:  67.34  1006

2017-12-12 22:24:41,607 - log/train.log - INFO -               PER: precision:  86.03%; recall:  75.23%; FB1:  80.27  773

2017-12-12 22:24:41,690 - log/train.log - INFO - new best dev f1 score:75.520
2017-12-12 22:24:43,489 - log/train.log - INFO - model saved
2017-12-12 22:24:43,493 - log/train.log - INFO - evaluate:test
2017-12-12 22:25:00,929 - log/train.log - INFO - processed 219197 tokens with 7707 phrases; found: 7473 phrases; correct: 5682.

2017-12-12 22:25:00,930 - log/train.log - INFO - accuracy:  96.62%; precision:  76.03%; recall:  73.73%; FB1:  74.86

2017-12-12 22:25:00,930 - log/train.log - INFO -               LOC: precision:  77.22%; recall:  74.77%; FB1:  75.97  3542

2017-12-12 22:25:00,930 - log/train.log - INFO -               ORG: precision:  66.56%; recall:  67.23%; FB1:  66.89  2207

2017-12-12 22:25:00,930 - log/train.log - INFO -               PER: precision:  85.73%; recall:  79.29%; FB1:  82.39  1724

2017-12-12 22:25:01,012 - log/train.log - INFO - new best test f1 score:74.860
2017-12-12 22:25:07,945 - log/train.log - INFO - iteration:2 step:56/1044, NER loss: 4.186695
2017-12-12 22:25:18,934 - log/train.log - INFO - iteration:2 step:156/1044, NER loss: 3.718050
2017-12-12 22:25:30,485 - log/train.log - INFO - iteration:2 step:256/1044, NER loss: 3.694877
2017-12-12 22:25:43,050 - log/train.log - INFO - iteration:2 step:356/1044, NER loss: 4.009034
2017-12-12 22:25:56,142 - log/train.log - INFO - iteration:2 step:456/1044, NER loss: 3.783287
2017-12-12 22:26:08,374 - log/train.log - INFO - iteration:2 step:556/1044, NER loss: 3.809646
2017-12-12 22:26:20,431 - log/train.log - INFO - iteration:2 step:656/1044, NER loss: 4.022738
2017-12-12 22:26:32,486 - log/train.log - INFO - iteration:2 step:756/1044, NER loss: 3.391637
2017-12-12 22:26:45,279 - log/train.log - INFO - iteration:2 step:856/1044, NER loss: 3.818818
2017-12-12 22:26:59,535 - log/train.log - INFO - iteration:2 step:956/1044, NER loss: 3.596418
2017-12-12 22:27:10,508 - log/train.log - INFO - evaluate:dev
2017-12-12 22:27:19,378 - log/train.log - INFO - processed 109870 tokens with 3819 phrases; found: 3637 phrases; correct: 3057.

2017-12-12 22:27:19,378 - log/train.log - INFO - accuracy:  97.61%; precision:  84.05%; recall:  80.05%; FB1:  82.00

2017-12-12 22:27:19,378 - log/train.log - INFO -               LOC: precision:  84.77%; recall:  83.85%; FB1:  84.31  1930

2017-12-12 22:27:19,378 - log/train.log - INFO -               ORG: precision:  78.25%; recall:  74.59%; FB1:  76.38  938

2017-12-12 22:27:19,378 - log/train.log - INFO -               PER: precision:  89.34%; recall:  77.71%; FB1:  83.12  769

2017-12-12 22:27:19,447 - log/train.log - INFO - new best dev f1 score:82.000
2017-12-12 22:27:21,205 - log/train.log - INFO - model saved
2017-12-12 22:27:21,206 - log/train.log - INFO - evaluate:test
2017-12-12 22:27:38,691 - log/train.log - INFO - processed 219197 tokens with 7707 phrases; found: 7431 phrases; correct: 6192.

2017-12-12 22:27:38,692 - log/train.log - INFO - accuracy:  97.50%; precision:  83.33%; recall:  80.34%; FB1:  81.81

2017-12-12 22:27:38,692 - log/train.log - INFO -               LOC: precision:  84.29%; recall:  83.73%; FB1:  84.01  3634

2017-12-12 22:27:38,692 - log/train.log - INFO -               ORG: precision:  76.41%; recall:  73.23%; FB1:  74.78  2094

2017-12-12 22:27:38,692 - log/train.log - INFO -               PER: precision:  89.78%; recall:  82.03%; FB1:  85.73  1703

2017-12-12 22:27:38,760 - log/train.log - INFO - new best test f1 score:81.810
2017-12-12 22:27:40,464 - log/train.log - INFO - iteration:3 step:12/1044, NER loss: 2.880083
2017-12-12 22:27:52,323 - log/train.log - INFO - iteration:3 step:112/1044, NER loss: 2.574701
2017-12-12 22:28:04,196 - log/train.log - INFO - iteration:3 step:212/1044, NER loss: 2.573864
2017-12-12 22:28:16,148 - log/train.log - INFO - iteration:3 step:312/1044, NER loss: 2.558538
2017-12-12 22:28:28,487 - log/train.log - INFO - iteration:3 step:412/1044, NER loss: 2.434285
2017-12-12 22:28:40,634 - log/train.log - INFO - iteration:3 step:512/1044, NER loss: 2.228366
2017-12-12 22:28:55,087 - log/train.log - INFO - iteration:3 step:612/1044, NER loss: 2.766328
2017-12-12 22:29:08,796 - log/train.log - INFO - iteration:3 step:712/1044, NER loss: 2.497070
2017-12-12 22:29:20,789 - log/train.log - INFO - iteration:3 step:812/1044, NER loss: 2.299273
2017-12-12 22:29:32,517 - log/train.log - INFO - iteration:3 step:912/1044, NER loss: 1.992161
2017-12-12 22:29:44,138 - log/train.log - INFO - iteration:3 step:1012/1044, NER loss: 2.035067
2017-12-12 22:29:47,742 - log/train.log - INFO - evaluate:dev
2017-12-12 22:29:56,537 - log/train.log - INFO - processed 109870 tokens with 3819 phrases; found: 3811 phrases; correct: 3215.

2017-12-12 22:29:56,537 - log/train.log - INFO - accuracy:  97.77%; precision:  84.36%; recall:  84.18%; FB1:  84.27

2017-12-12 22:29:56,537 - log/train.log - INFO -               LOC: precision:  85.11%; recall:  86.72%; FB1:  85.91  1988

2017-12-12 22:29:56,537 - log/train.log - INFO -               ORG: precision:  77.49%; recall:  79.07%; FB1:  78.27  1004

2017-12-12 22:29:56,537 - log/train.log - INFO -               PER: precision:  90.96%; recall:  84.28%; FB1:  87.49  819

2017-12-12 22:29:56,607 - log/train.log - INFO - new best dev f1 score:84.270
2017-12-12 22:29:58,361 - log/train.log - INFO - model saved
2017-12-12 22:29:58,361 - log/train.log - INFO - evaluate:test
2017-12-12 22:30:15,861 - log/train.log - INFO - processed 219197 tokens with 7707 phrases; found: 7813 phrases; correct: 6530.

2017-12-12 22:30:15,862 - log/train.log - INFO - accuracy:  97.62%; precision:  83.58%; recall:  84.73%; FB1:  84.15

2017-12-12 22:30:15,862 - log/train.log - INFO -               LOC: precision:  84.61%; recall:  87.78%; FB1:  86.17  3795

2017-12-12 22:30:15,862 - log/train.log - INFO -               ORG: precision:  76.20%; recall:  77.53%; FB1:  76.86  2223

2017-12-12 22:30:15,862 - log/train.log - INFO -               PER: precision:  90.53%; recall:  87.18%; FB1:  88.82  1795

2017-12-12 22:30:15,930 - log/train.log - INFO - new best test f1 score:84.150
2017-12-12 22:30:24,340 - log/train.log - INFO - iteration:4 step:68/1044, NER loss: 1.915727
2017-12-12 22:30:39,045 - log/train.log - INFO - iteration:4 step:168/1044, NER loss: 2.209462
2017-12-12 22:30:51,693 - log/train.log - INFO - iteration:4 step:268/1044, NER loss: 1.870278
2017-12-12 22:31:04,083 - log/train.log - INFO - iteration:4 step:368/1044, NER loss: 1.842373
2017-12-12 22:31:16,646 - log/train.log - INFO - iteration:4 step:468/1044, NER loss: 1.983823
2017-12-12 22:31:28,934 - log/train.log - INFO - iteration:4 step:568/1044, NER loss: 1.781707
2017-12-12 22:31:40,567 - log/train.log - INFO - iteration:4 step:668/1044, NER loss: 1.493325
2017-12-12 22:31:53,227 - log/train.log - INFO - iteration:4 step:768/1044, NER loss: 1.874307
2017-12-12 22:32:05,920 - log/train.log - INFO - iteration:4 step:868/1044, NER loss: 1.518304
2017-12-12 22:32:16,395 - log/train.log - INFO - iteration:4 step:968/1044, NER loss: 1.418195
2017-12-12 22:32:25,108 - log/train.log - INFO - evaluate:dev
2017-12-12 22:32:33,929 - log/train.log - INFO - processed 109870 tokens with 3819 phrases; found: 3664 phrases; correct: 3203.

2017-12-12 22:32:33,929 - log/train.log - INFO - accuracy:  97.98%; precision:  87.42%; recall:  83.87%; FB1:  85.61

2017-12-12 22:32:33,929 - log/train.log - INFO -               LOC: precision:  90.91%; recall:  84.11%; FB1:  87.38  1805

2017-12-12 22:32:33,929 - log/train.log - INFO -               ORG: precision:  78.95%; recall:  79.27%; FB1:  79.11  988

2017-12-12 22:32:33,930 - log/train.log - INFO -               PER: precision:  89.78%; recall:  88.46%; FB1:  89.12  871

2017-12-12 22:32:33,999 - log/train.log - INFO - new best dev f1 score:85.610
2017-12-12 22:32:35,753 - log/train.log - INFO - model saved
2017-12-12 22:32:35,756 - log/train.log - INFO - evaluate:test
2017-12-12 22:32:53,199 - log/train.log - INFO - processed 219197 tokens with 7707 phrases; found: 7526 phrases; correct: 6493.

2017-12-12 22:32:53,199 - log/train.log - INFO - accuracy:  97.83%; precision:  86.27%; recall:  84.25%; FB1:  85.25

2017-12-12 22:32:53,199 - log/train.log - INFO -               LOC: precision:  89.99%; recall:  84.77%; FB1:  87.30  3446

2017-12-12 22:32:53,199 - log/train.log - INFO -               ORG: precision:  77.34%; recall:  78.40%; FB1:  77.86  2215

2017-12-12 22:32:53,200 - log/train.log - INFO -               PER: precision:  90.03%; recall:  90.08%; FB1:  90.05  1865

2017-12-12 22:32:53,269 - log/train.log - INFO - new best test f1 score:85.250
2017-12-12 22:32:56,396 - log/train.log - INFO - iteration:5 step:24/1044, NER loss: 1.490932
2017-12-12 22:33:09,099 - log/train.log - INFO - iteration:5 step:124/1044, NER loss: 1.309011
2017-12-12 22:33:20,975 - log/train.log - INFO - iteration:5 step:224/1044, NER loss: 1.403545
2017-12-12 22:33:33,627 - log/train.log - INFO - iteration:5 step:324/1044, NER loss: 1.413714
2017-12-12 22:33:45,334 - log/train.log - INFO - iteration:5 step:424/1044, NER loss: 1.410353
2017-12-12 22:33:57,408 - log/train.log - INFO - iteration:5 step:524/1044, NER loss: 1.392951
2017-12-12 22:34:09,767 - log/train.log - INFO - iteration:5 step:624/1044, NER loss: 1.473709
2017-12-12 22:34:22,209 - log/train.log - INFO - iteration:5 step:724/1044, NER loss: 1.414557
2017-12-12 22:34:33,894 - log/train.log - INFO - iteration:5 step:824/1044, NER loss: 1.299525
2017-12-12 22:34:47,558 - log/train.log - INFO - iteration:5 step:924/1044, NER loss: 1.499435
2017-12-12 22:35:00,020 - log/train.log - INFO - iteration:5 step:1024/1044, NER loss: 1.394916
2017-12-12 22:35:02,598 - log/train.log - INFO - evaluate:dev
2017-12-12 22:35:11,384 - log/train.log - INFO - processed 109870 tokens with 3819 phrases; found: 3745 phrases; correct: 3308.

2017-12-12 22:35:11,385 - log/train.log - INFO - accuracy:  98.21%; precision:  88.33%; recall:  86.62%; FB1:  87.47

2017-12-12 22:35:11,385 - log/train.log - INFO -               LOC: precision:  88.55%; recall:  89.54%; FB1:  89.04  1973

2017-12-12 22:35:11,385 - log/train.log - INFO -               ORG: precision:  84.20%; recall:  79.07%; FB1:  81.55  924

2017-12-12 22:35:11,385 - log/train.log - INFO -               PER: precision:  92.33%; recall:  88.57%; FB1:  90.42  848

2017-12-12 22:35:11,455 - log/train.log - INFO - new best dev f1 score:87.470
2017-12-12 22:35:13,207 - log/train.log - INFO - model saved
2017-12-12 22:35:13,207 - log/train.log - INFO - evaluate:test
2017-12-12 22:35:30,598 - log/train.log - INFO - processed 219197 tokens with 7707 phrases; found: 7633 phrases; correct: 6666.

2017-12-12 22:35:30,599 - log/train.log - INFO - accuracy:  98.10%; precision:  87.33%; recall:  86.49%; FB1:  86.91

2017-12-12 22:35:30,599 - log/train.log - INFO -               LOC: precision:  87.70%; recall:  89.64%; FB1:  88.66  3739

2017-12-12 22:35:30,599 - log/train.log - INFO -               ORG: precision:  82.95%; recall:  78.35%; FB1:  80.58  2064

2017-12-12 22:35:30,599 - log/train.log - INFO -               PER: precision:  91.53%; recall:  89.86%; FB1:  90.69  1830

2017-12-12 22:35:30,668 - log/train.log - INFO - new best test f1 score:86.910
2017-12-12 22:35:40,056 - log/train.log - INFO - iteration:6 step:80/1044, NER loss: 1.127229
2017-12-12 22:35:51,177 - log/train.log - INFO - iteration:6 step:180/1044, NER loss: 1.080791
2017-12-12 22:36:03,904 - log/train.log - INFO - iteration:6 step:280/1044, NER loss: 1.165271
2017-12-12 22:36:15,010 - log/train.log - INFO - iteration:6 step:380/1044, NER loss: 1.159675
2017-12-12 22:36:26,531 - log/train.log - INFO - iteration:6 step:480/1044, NER loss: 1.107540
2017-12-12 22:36:39,344 - log/train.log - INFO - iteration:6 step:580/1044, NER loss: 1.225969
2017-12-12 22:36:52,472 - log/train.log - INFO - iteration:6 step:680/1044, NER loss: 1.167397
2017-12-12 22:37:04,920 - log/train.log - INFO - iteration:6 step:780/1044, NER loss: 1.161966
2017-12-12 22:37:16,734 - log/train.log - INFO - iteration:6 step:880/1044, NER loss: 1.125728
2017-12-12 22:37:31,108 - log/train.log - INFO - iteration:6 step:980/1044, NER loss: 1.349216
2017-12-12 22:37:38,802 - log/train.log - INFO - evaluate:dev
2017-12-12 22:37:47,586 - log/train.log - INFO - processed 109870 tokens with 3819 phrases; found: 3849 phrases; correct: 3339.

2017-12-12 22:37:47,586 - log/train.log - INFO - accuracy:  98.14%; precision:  86.75%; recall:  87.43%; FB1:  87.09

2017-12-12 22:37:47,586 - log/train.log - INFO -               LOC: precision:  86.26%; recall:  90.42%; FB1:  88.29  2045

2017-12-12 22:37:47,586 - log/train.log - INFO -               ORG: precision:  82.04%; recall:  80.28%; FB1:  81.15  963

2017-12-12 22:37:47,587 - log/train.log - INFO -               PER: precision:  93.34%; recall:  88.80%; FB1:  91.01  841

2017-12-12 22:37:47,589 - log/train.log - INFO - evaluate:test
2017-12-12 22:38:04,791 - log/train.log - INFO - processed 219197 tokens with 7707 phrases; found: 7869 phrases; correct: 6727.

2017-12-12 22:38:04,792 - log/train.log - INFO - accuracy:  97.94%; precision:  85.49%; recall:  87.28%; FB1:  86.38

2017-12-12 22:38:04,792 - log/train.log - INFO -               LOC: precision:  84.79%; recall:  90.38%; FB1:  87.50  3899

2017-12-12 22:38:04,792 - log/train.log - INFO -               ORG: precision:  80.05%; recall:  79.31%; FB1:  79.68  2165

2017-12-12 22:38:04,792 - log/train.log - INFO -               PER: precision:  93.52%; recall:  90.56%; FB1:  92.01  1805

2017-12-12 22:38:09,441 - log/train.log - INFO - iteration:7 step:36/1044, NER loss: 1.134114
2017-12-12 22:38:21,436 - log/train.log - INFO - iteration:7 step:136/1044, NER loss: 0.998840
2017-12-12 22:38:33,388 - log/train.log - INFO - iteration:7 step:236/1044, NER loss: 0.915763
2017-12-12 22:38:46,102 - log/train.log - INFO - iteration:7 step:336/1044, NER loss: 1.055177
2017-12-12 22:38:59,191 - log/train.log - INFO - iteration:7 step:436/1044, NER loss: 0.985121
2017-12-12 22:39:11,758 - log/train.log - INFO - iteration:7 step:536/1044, NER loss: 1.073328
2017-12-12 22:39:25,141 - log/train.log - INFO - iteration:7 step:636/1044, NER loss: 1.012780
2017-12-12 22:39:36,631 - log/train.log - INFO - iteration:7 step:736/1044, NER loss: 0.886856
2017-12-12 22:39:47,832 - log/train.log - INFO - iteration:7 step:836/1044, NER loss: 0.918617
2017-12-12 22:40:00,642 - log/train.log - INFO - iteration:7 step:936/1044, NER loss: 1.103007
2017-12-12 22:40:12,208 - log/train.log - INFO - iteration:7 step:1036/1044, NER loss: 0.906859
2017-12-12 22:40:13,123 - log/train.log - INFO - evaluate:dev
2017-12-12 22:40:21,927 - log/train.log - INFO - processed 109870 tokens with 3819 phrases; found: 3825 phrases; correct: 3374.

2017-12-12 22:40:21,928 - log/train.log - INFO - accuracy:  98.27%; precision:  88.21%; recall:  88.35%; FB1:  88.28

2017-12-12 22:40:21,928 - log/train.log - INFO -               LOC: precision:  89.44%; recall:  90.26%; FB1:  89.85  1969

2017-12-12 22:40:21,928 - log/train.log - INFO -               ORG: precision:  83.13%; recall:  82.11%; FB1:  82.62  972

2017-12-12 22:40:21,928 - log/train.log - INFO -               PER: precision:  91.06%; recall:  91.06%; FB1:  91.06  884

2017-12-12 22:40:21,994 - log/train.log - INFO - new best dev f1 score:88.280
2017-12-12 22:40:23,726 - log/train.log - INFO - model saved
2017-12-12 22:40:23,727 - log/train.log - INFO - evaluate:test
2017-12-12 22:40:40,894 - log/train.log - INFO - processed 219197 tokens with 7707 phrases; found: 7813 phrases; correct: 6802.

2017-12-12 22:40:40,895 - log/train.log - INFO - accuracy:  98.08%; precision:  87.06%; recall:  88.26%; FB1:  87.65

2017-12-12 22:40:40,895 - log/train.log - INFO -               LOC: precision:  88.19%; recall:  90.87%; FB1:  89.51  3769

2017-12-12 22:40:40,895 - log/train.log - INFO -               ORG: precision:  81.19%; recall:  80.78%; FB1:  80.98  2174

2017-12-12 22:40:40,895 - log/train.log - INFO -               PER: precision:  91.60%; recall:  91.90%; FB1:  91.75  1870

2017-12-12 22:40:40,961 - log/train.log - INFO - new best test f1 score:87.650
2017-12-12 22:40:51,861 - log/train.log - INFO - iteration:8 step:92/1044, NER loss: 0.750952
